<?xml version="1.0" encoding="UTF-8"?>
<!-- Generated by org.testng.reporters.JUnitXMLReporter -->
<testsuite ignored="0" hostname="DESKTOP-K0AK88J" failures="0" tests="3" name="Test1" time="74.771" errors="0" timestamp="31 Mar 2021 15:05:05 GMT">
  <testcase classname="PersistentSystems.Assignment" name="NaviD" time="8.192"/>
  <testcase classname="PersistentSystems.Assignment" name="NaviD" time="3.802"/>
  <testcase classname="PersistentSystems.Assignment" name="NaviD" time="6.38"/>
</testsuite> <!-- Test1 -->
